2021-06-06 22:57:07,676 -----------------------------
2021-06-06 22:57:07,676 api_logs script started Now:-
2021-06-06 22:57:07,707  * Restarting with stat
2021-06-06 22:57:08,301 -----------------------------
2021-06-06 22:57:08,301 api_logs script started Now:-
2021-06-06 22:57:08,317  * Debugger is active!
2021-06-06 22:57:08,317  * Debugger PIN: 127-466-217
2021-06-06 22:57:08,551  * Running on http://127.0.0.1:5000/ (Press CTRL+C to quit)
2021-06-06 22:57:20,121 -----------------------------
2021-06-06 22:57:20,121 api_logs script started Now:-
2021-06-06 22:57:20,152  * Restarting with stat
2021-06-06 22:57:20,809 -----------------------------
2021-06-06 22:57:20,809 api_logs script started Now:-
2021-06-06 22:57:20,855  * Debugger is active!
2021-06-06 22:57:20,855  * Debugger PIN: 127-466-217
2021-06-06 22:57:21,152  * Running on http://127.0.0.1:5000/ (Press CTRL+C to quit)
2021-06-06 22:57:44,457 -----------------------------
2021-06-06 22:57:44,457 api_logs script started Now:-
2021-06-06 22:57:44,489  * Restarting with stat
2021-06-06 22:57:45,067 -----------------------------
2021-06-06 22:57:45,067 api_logs script started Now:-
2021-06-06 22:57:45,082  * Debugger is active!
2021-06-06 22:57:45,082  * Debugger PIN: 127-466-217
2021-06-06 22:57:45,285  * Running on http://127.0.0.1:5000/ (Press CTRL+C to quit)
