2021-06-06 22:58:15,309 -----------------------------
2021-06-06 22:58:15,309 Cause script started Now:-
2021-06-06 22:58:15,340  * Restarting with stat
2021-06-06 22:58:15,887 -----------------------------
2021-06-06 22:58:15,887 Cause script started Now:-
2021-06-06 22:58:15,918  * Debugger is active!
2021-06-06 22:58:15,918  * Debugger PIN: 127-466-217
2021-06-06 22:58:16,231  * Running on http://127.0.0.1:5000/ (Press CTRL+C to quit)
2021-06-06 22:58:25,614 -----------------------------
2021-06-06 22:58:25,614 Cause script started Now:-
2021-06-06 22:58:25,645  * Restarting with stat
2021-06-06 22:58:26,317 -----------------------------
2021-06-06 22:58:26,317 Cause script started Now:-
2021-06-06 22:58:26,349  * Debugger is active!
2021-06-06 22:58:26,349  * Debugger PIN: 127-466-217
2021-06-06 22:58:26,567  * Running on http://127.0.0.1:5000/ (Press CTRL+C to quit)
2021-06-06 22:58:48,668 -----------------------------
2021-06-06 22:58:48,668 Cause script started Now:-
2021-06-06 22:58:48,700  * Restarting with stat
2021-06-06 22:58:49,294 -----------------------------
2021-06-06 22:58:49,294 Cause script started Now:-
2021-06-06 22:58:49,309  * Debugger is active!
2021-06-06 22:58:49,309  * Debugger PIN: 127-466-217
2021-06-06 22:58:49,528  * Running on http://127.0.0.1:5000/ (Press CTRL+C to quit)
2021-06-06 22:59:05,052 -----------------------------
2021-06-06 22:59:05,052 Cause script started Now:-
2021-06-06 22:59:05,068  * Restarting with stat
2021-06-06 22:59:05,771 -----------------------------
2021-06-06 22:59:05,771 Cause script started Now:-
2021-06-06 22:59:05,802  * Debugger is active!
2021-06-06 22:59:05,802  * Debugger PIN: 127-466-217
2021-06-06 22:59:06,037  * Running on http://127.0.0.1:5000/ (Press CTRL+C to quit)
