2021-06-06 23:01:11,475 -----------------------------
2021-06-06 23:01:11,490 User_Registration script started Now:-
2021-06-06 23:01:11,553  * Restarting with stat
2021-06-06 23:01:12,350 -----------------------------
2021-06-06 23:01:12,350 User_Registration script started Now:-
2021-06-06 23:01:12,365  * Debugger is active!
2021-06-06 23:01:12,381  * Debugger PIN: 127-466-217
2021-06-06 23:01:12,584  * Running on http://127.0.0.1:5000/ (Press CTRL+C to quit)
2021-06-07 12:29:12,276 -----------------------------
2021-06-07 12:29:12,276 User_Registration script started Now:-
2021-06-07 12:29:12,316  * Restarting with stat
2021-06-07 12:29:13,052 -----------------------------
2021-06-07 12:29:13,052 User_Registration script started Now:-
2021-06-07 12:29:13,068  * Debugger is active!
2021-06-07 12:29:13,068  * Debugger PIN: 127-466-217
2021-06-07 12:29:13,292  * Running on http://127.0.0.1:5000/ (Press CTRL+C to quit)
2021-06-07 12:29:28,572  * Detected change in "F:\\Restful-API's\\RestAPI\\user_registration.py", reloading
2021-06-07 12:29:28,652  * Restarting with stat
2021-06-07 12:29:29,560 -----------------------------
2021-06-07 12:29:29,560 User_Registration script started Now:-
2021-06-07 12:29:29,584  * Debugger is active!
2021-06-07 12:29:29,592  * Debugger PIN: 127-466-217
2021-06-07 12:29:29,904  * Running on http://127.0.0.1:5000/ (Press CTRL+C to quit)
2021-06-07 12:30:36,490  * Detected change in "F:\\Restful-API's\\RestAPI\\user_signup.py", reloading
2021-06-07 12:30:36,573  * Restarting with stat
2021-06-07 12:30:37,663 -----------------------------
2021-06-07 12:30:37,663 User_Registration script started Now:-
2021-06-07 12:30:37,687  * Debugger is active!
2021-06-07 12:30:37,687  * Debugger PIN: 127-466-217
2021-06-07 12:30:38,087  * Running on http://127.0.0.1:5000/ (Press CTRL+C to quit)
2021-06-07 12:30:55,934  * Detected change in "F:\\Restful-API's\\RestAPI\\user_signup.py", reloading
2021-06-07 12:30:56,014  * Restarting with stat
2021-06-07 12:30:57,259 -----------------------------
2021-06-07 12:30:57,259 User_Registration script started Now:-
2021-06-07 12:30:57,290  * Debugger is active!
2021-06-07 12:30:57,296  * Debugger PIN: 127-466-217
2021-06-07 12:30:57,670  * Running on http://127.0.0.1:5000/ (Press CTRL+C to quit)
2021-06-07 14:06:10,902 -----------------------------
2021-06-07 14:06:10,949 User_Registration script started Now:-
2021-06-07 14:06:11,215  * Restarting with stat
2021-06-07 14:06:13,507 -----------------------------
2021-06-07 14:06:13,507 User_Registration script started Now:-
2021-06-07 14:06:13,539  * Debugger is active!
2021-06-07 14:06:13,554  * Debugger PIN: 127-466-217
2021-06-07 14:06:15,229  * Running on http://127.0.0.1:5000/ (Press CTRL+C to quit)
2021-06-07 14:06:42,160 127.0.0.1 - - [07/Jun/2021 14:06:42] "POST /registrations/create HTTP/1.1" 200 -
2021-06-07 14:10:48,567 -----------------------------
2021-06-07 14:10:48,599 User_Registration script started Now:-
2021-06-07 14:10:48,802  * Restarting with stat
2021-06-07 14:10:50,884 -----------------------------
2021-06-07 14:10:50,884 User_Registration script started Now:-
2021-06-07 14:10:50,944  * Debugger is active!
2021-06-07 14:10:50,956  * Debugger PIN: 127-466-217
2021-06-07 14:10:52,413  * Running on http://127.0.0.1:5000/ (Press CTRL+C to quit)
2021-06-07 14:11:02,500 127.0.0.1 - - [07/Jun/2021 14:11:02] "POST /registrations/create HTTP/1.1" 200 -
2021-06-07 14:11:16,300  * Detected change in "F:\\Restful-API's\\RestAPI\\user_registration.py", reloading
2021-06-07 14:11:16,572  * Restarting with stat
2021-06-07 14:11:19,984 -----------------------------
2021-06-07 14:11:19,984 User_Registration script started Now:-
2021-06-07 14:11:20,045  * Debugger is active!
2021-06-07 14:11:20,059  * Debugger PIN: 127-466-217
2021-06-07 14:11:20,591  * Running on http://127.0.0.1:5000/ (Press CTRL+C to quit)
2021-06-07 14:11:41,434 -----------------------------
2021-06-07 14:11:41,434 User_Registration script started Now:-
2021-06-07 14:11:41,497  * Restarting with stat
2021-06-07 14:11:43,072 -----------------------------
2021-06-07 14:11:43,072 User_Registration script started Now:-
2021-06-07 14:11:43,135  * Debugger is active!
2021-06-07 14:11:43,135  * Debugger PIN: 127-466-217
2021-06-07 14:11:44,084  * Running on http://127.0.0.1:5000/ (Press CTRL+C to quit)
2021-06-07 14:11:57,014 successfully registred
2021-06-07 14:11:57,018 127.0.0.1 - - [07/Jun/2021 14:11:57] "POST /registrations/create HTTP/1.1" 200 -
2021-06-07 14:12:16,325 127.0.0.1 - - [07/Jun/2021 14:12:16] "POST /registrations/create HTTP/1.1" 200 -
2021-06-07 14:12:25,233 successfully registred
2021-06-07 14:12:25,233 127.0.0.1 - - [07/Jun/2021 14:12:25] "POST /registrations/create HTTP/1.1" 200 -
2021-06-07 14:12:28,740 127.0.0.1 - - [07/Jun/2021 14:12:28] "POST /registrations/create HTTP/1.1" 200 -
