2021-06-06 23:01:20,147 -----------------------------
2021-06-06 23:01:20,147 User_Signup script started Now:-
2021-06-06 23:01:20,178  * Restarting with stat
2021-06-06 23:01:20,772 -----------------------------
2021-06-06 23:01:20,772 User_Signup script started Now:-
2021-06-06 23:01:20,787  * Debugger is active!
2021-06-06 23:01:20,787  * Debugger PIN: 127-466-217
2021-06-06 23:01:21,037  * Running on http://127.0.0.1:5000/ (Press CTRL+C to quit)
2021-06-07 12:31:29,314 -----------------------------
2021-06-07 12:31:29,314 User_Signup script started Now:-
2021-06-07 12:31:29,346  * Restarting with stat
2021-06-07 12:31:30,217 -----------------------------
2021-06-07 12:31:30,217 User_Signup script started Now:-
2021-06-07 12:31:30,241  * Debugger is active!
2021-06-07 12:31:30,241  * Debugger PIN: 127-466-217
2021-06-07 12:31:30,505  * Running on http://127.0.0.1:5000/ (Press CTRL+C to quit)
2021-06-07 12:48:23,049 -----------------------------
2021-06-07 12:48:23,217 User_Signup script started Now:-
2021-06-07 12:48:25,390  * Restarting with stat
2021-06-07 12:48:26,531 -----------------------------
2021-06-07 12:48:26,532 User_Signup script started Now:-
2021-06-07 12:48:26,552  * Debugger is active!
2021-06-07 12:48:26,625  * Debugger PIN: 127-466-217
2021-06-07 12:48:28,200  * Running on http://127.0.0.1:5000/ (Press CTRL+C to quit)
2021-06-07 12:48:30,432 successfully registred
2021-06-07 12:48:30,434 127.0.0.1 - - [07/Jun/2021 12:48:30] "POST /users/create HTTP/1.1" 200 -
2021-06-07 12:48:34,855 127.0.0.1 - - [07/Jun/2021 12:48:34] "POST /users/create HTTP/1.1" 200 -
